[PM2] Tailing last 20 lines for [all] processes 

PM2: 2016-09-28 10:01:00: Process with pid 8976 still not killed, retrying...
PM2: 2016-09-28 10:01:00: Process with pid 8976 still not killed, retrying...
PM2: 2016-09-28 10:01:00: Process with pid 8976 still not killed, retrying...
PM2: 2016-09-28 10:01:01: App [app] with id [0] and pid [8976], exited with code [1] via signal [SIGINT]
PM2: 2016-09-28 10:06:32: Starting execution sequence in -fork mode- for app name:app id:0
PM2: 2016-09-28 10:06:32: App name:app id:0 online
PM2: 2016-09-28 10:13:54: Stopping app:app id:0
PM2: 2016-09-28 10:13:54: Process with pid 9764 still not killed, retrying...
PM2: 2016-09-28 10:13:54: Process with pid 9764 still not killed, retrying...
PM2: 2016-09-28 10:13:55: Process with pid 9764 still not killed, retrying...
PM2: 2016-09-28 10:13:55: App [app] with id [0] and pid [9764], exited with code [1] via signal [SIGINT]
PM2: 2016-09-28 10:14:04: Starting execution sequence in -fork mode- for app name:app id:0
PM2: 2016-09-28 10:14:04: App name:app id:0 online
PM2: 2016-09-28 11:26:53: Stopping app:app id:0
PM2: 2016-09-28 11:26:53: Process with pid 7408 still not killed, retrying...
PM2: 2016-09-28 11:26:54: Process with pid 7408 still not killed, retrying...
PM2: 2016-09-28 11:26:54: Process with pid 7408 still not killed, retrying...
PM2: 2016-09-28 11:26:54: Process with pid 7408 still not killed, retrying...
PM2: 2016-09-28 11:26:54: App [app] with id [0] and pid [0], exited with code [1] via signal [SIGINT]
PM2: 2016-09-28 11:26:54: Process undefined ? with process id  0

[PM2] Streaming realtime logs for [all] processes 

